build/app/outputs/mapping/release/seeds.txt
com.example.lgtask3.lgtask3.MainActivity
com.example.lgtask3.lgtask3.MainActivity: MainActivity()
...
com.google.mlkit.common.internal.MlKitComponentDiscoveryService
android.support.v4.app.RemoteActionCompatParcelizer
androidx.preference.SeekBarPreference
androidx.camera.core.internal.compat.quirk.SurfaceOrderQuirk
androidx.camera.camera2.internal.compat.quirk.StillCaptureFlashStopRepeatingQuirk
androidx.appcompat.widget.SearchView
androidx.camera.video.internal.compat.quirk.AudioEncoderIgnoresInputTimestampQuirk
androidx.recyclerview.widget.GridLayoutManager
androidx.preference.DropDownPreference
androidx.camera.video.internal.compat.quirk.CodecStuckOnFlushQuirk
androidx.camera.core.internal.compat.quirk.CaptureFailedRetryQuirk
androidx.work.impl.workers.CombineContinuationsWorker
android.support.v4.media.AudioAttributesImplApi21Parcelizer
androidx.work.WorkManagerInitializer
androidx.work.ListenableWorker
androidx.camera.core.ImageProcessingUtil
androidx.room.MultiInstanceInvalidationService
com.google.android.gms.internal.mlkit_vision_mediapipe.zzhq
com.google.android.gms.common.api.Scope
androidx.profileinstaller.ProfileInstallReceiver
androidx.camera.video.internal.compat.quirk.ReportedVideoQualityNotSupportedQuirk
android.support.v4.media.session.MediaControllerCompat$MediaControllerImplApi21$ExtraBinderRequestResultReceiver
com.google.android.gms.dynamite.DynamiteModule$DynamiteLoaderClassLoader
androidx.camera.camera2.Camera2Config$DefaultProvider
androidx.camera.camera2.internal.compat.quirk.FlashAvailabilityBufferUnderflowQuirk
androidx.camera.camera2.internal.compat.quirk.CameraNoResponseWhenEnablingFlashQuirk
androidx.camera.camera2.internal.compat.quirk.LegacyCameraOutputConfigNullPointerQuirk
androidx.camera.camera2.internal.compat.quirk.CrashWhenTakingPhotoWithAutoFlashAEModeQuirk
androidx.work.multiprocess.RemoteWorkManagerClient
androidx.preference.SwitchPreference
androidx.media.AudioAttributesImplApi26
androidx.work.CoroutineWorker
com.google.android.gms.common.GooglePlayServicesManifestException
androidx.work.ArrayCreatingInputMerger
androidx.window.layout.adapter.sidecar.DistinctElementSidecarCallback
androidx.camera.video.internal.compat.quirk.EncoderNotUsePersistentInputSurfaceQuirk
androidx.preference.SwitchPreferenceCompat
androidx.appcompat.widget.ActionBarOverlayLayout
androidx.work.multiprocess.RemoteListenableWorker
android.support.v4.media.session.ParcelableVolumeInfo
androidx.camera.core.internal.compat.quirk.LargeJpegImageQuirk
androidx.camera.camera2.internal.compat.quirk.ImageCaptureWashedOutImageQuirk
androidx.camera.camera2.internal.compat.quirk.ImageCaptureFlashNotFireQuirk
io.flutter.view.TextureRegistry$SurfaceTextureEntry
androidx.preference.PreferenceCategory
androidx.work.OverwritingInputMerger
androidx.camera.video.internal.compat.quirk.StretchedVideoResolutionQuirk
io.flutter.plugins.urllauncher.WebViewActivity
androidx.work.impl.background.systemalarm.ConstraintProxyUpdateReceiver
androidx.work.impl.workers.ConstraintTrackingWorker
com.google.mlkit.vision.common.internal.VisionCommonRegistrar
com.google.maps.android.ui.RotationLayout
androidx.preference.ListPreference
com.google.android.gms.common.api.GoogleApiActivity
com.google.android.datatransport.runtime.scheduling.jobscheduling.AlarmManagerSchedulerBroadcastReceiver
androidx.media3.exoplayer.smoothstreaming.SsMediaSource$Factory
io.flutter.embedding.engine.renderer.FlutterRenderer$ImageReaderSurfaceProducer
androidx.appcompat.widget.ContentFrameLayout
androidx.work.impl.background.systemalarm.ConstraintProxy$StorageNotLowProxy
com.google.mlkit.vision.mediapipe.utils.ImageConvertNativeUtils
androidx.preference.CheckBoxPreference
androidx.work.WorkerParameters
com.google.android.gms.common.SupportErrorDialogFragment
io.flutter.plugins.googlemaps.GoogleMapsPlugin
androidx.transition.FragmentTransitionSupport
androidx.camera.camera2.internal.compat.quirk.ImageCaptureFailedForVideoSnapshotQuirk
androidx.camera.camera2.internal.compat.quirk.CaptureSessionOnClosedNotCalledQuirk
kotlinx.coroutines.internal.StackTraceRecoveryKt