build/app/outputs/mapping/release/usage.txt
com.example.lgtask3.lgtask3.R$drawable
com.example.lgtask3.lgtask3.R$mipmap
com.example.lgtask3.lgtask3.R$style
com.example.lgtask3.lgtask3.R
...
androidx.camera.core.streamsharing.StreamSharingConfig:
    public final synthetic java.util.concurrent.Executor getBackgroundExecutor()
    public final synthetic androidx.camera.core.impl.CaptureConfig$OptionUnpacker getCaptureOptionUnpacker()
    public static java.util.List getCaptureTypes()
androidx.camera.core.streamsharing.VirtualCamera:
    public final androidx.camera.core.impl.CameraInternal mParentCamera
    public static void setRotationDegrees()
androidx.camera.core.streamsharing.VirtualCameraAdapter$1
androidx.camera.core.streamsharing.VirtualCameraAdapter:
    public static void bindChildren()
    public static androidx.camera.core.impl.CameraCaptureCallback createCameraCaptureCallback()
    public static int getChildRotationDegrees()
    public static java.util.Set getChildren()
    public static java.util.Map getChildrenOutConfigs()
    public static java.util.Map getChildrenOutConfigs$1()
    public static androidx.camera.core.impl.CameraCaptureCallback getParentMetadataCallback()
    public static void mergeChildrenConfigs()
    public static void notifyStateAttached()
    public static void notifyStateDetached()
    public static void resetChildren()
    public static void unbindChildren()
androidx.camera.core.streamsharing.VirtualCameraCaptureResult:
    public final int getAeMode()
    public final int getAfMode()
    public final int getAwbMode()
androidx.camera.core.streamsharing.VirtualCameraControl$$InternalSyntheticLambda$9$4c67fc14661e62d5600e3375e3169c2458343d333e5c75d7fd233018c89b93d9$1
androidx.camera.core.streamsharing.VirtualCameraControl$$InternalSyntheticLambda$9$4c67fc14661e62d5600e3375e3169c2458343d333e5c75d7fd233018c89b93d9$2
androidx.camera.core.streamsharing.VirtualCameraControl:
    public static int getJpegQuality()
    public static int getRotationDegrees()
    public static com.google.common.util.concurrent.ListenableFuture lambda$submitStillCaptureRequests$1()
androidx.camera.core.streamsharing.VirtualCameraInfo:
    public static void setVirtualCameraRotationDegrees()
androidx.camera.lifecycle.AutoValue_LifecycleCameraRepository_Key:
    public static androidx.camera.core.internal.AutoValue_CameraUseCaseAdapter_CameraId getCameraId()
    public static androidx.lifecycle.LifecycleOwner getLifecycleOwner()
androidx.camera.lifecycle.LifecycleCamera:
    public volatile boolean mIsActive
    public boolean mReleased
    public static androidx.camera.core.internal.CameraUseCaseAdapter getCameraUseCaseAdapter()
    public final androidx.camera.core.CameraInfo getSecondaryCameraInfo()
androidx.camera.lifecycle.LifecycleCameraRepository$Key
androidx.camera.lifecycle.LifecycleCameraRepository$LifecycleCameraRepositoryObserver:
    public final androidx.lifecycle.LifecycleOwner getLifecycleOwner()
androidx.camera.lifecycle.LifecycleCameraRepository
androidx.camera.lifecycle.ProcessCameraProvider$$InternalSyntheticLambda$7$f36c74acf2704583bbf9b1c466a0b535135b17711986664f9978aa1c356694e0$0
androidx.camera.lifecycle.ProcessCameraProvider$$InternalSyntheticLambda$8$2032456eefcdce1d723a6e6fbfb019b3a86103afa31acac04409f38e8882ef3d$0
androidx.camera.lifecycle.ProcessCameraProvider$Companion$$InternalSyntheticLambda$6$56b291fc0b567127247cff4a70543325808a8dfc17bebc7d4f7e65193fb55f44$0
androidx.camera.lifecycle.ProcessCameraProvider$Companion$getInstance$1:
    public static androidx.camera.lifecycle.ProcessCameraProvider invoke()
    public static com.google.common.util.concurrent.ListenableFuture invoke()
    public static java.lang.Boolean invoke()
    public static java.lang.CharSequence invoke()
    public final java.lang.String invoke()
    public final java.lang.Throwable invoke(java.lang.Throwable)
    public static java.lang.String invoke$1()
androidx.camera.lifecycle.ProcessCameraProvider$Companion
androidx.camera.lifecycle.ProcessCameraProvider$getOrCreateCameraXInstance$1$1$1$1
androidx.camera.lifecycle.ProcessCameraProvider$getOrCreateCameraXInstance$1$1$1$future$1